<?xml version="1.0" encoding="UTF-8"?>
<!-- Generated by org.testng.reporters.JUnitReportReporter -->
<testsuite hostname="DESKTOP-OGE7II3" failures="0" tests="1" name="APIRequestValidations.CreateProjectAPI" time="2.446" errors="0" timestamp="2024-05-08T12:19:20 IST" skipped="0">
  <testcase classname="APIRequestValidations.CreateProjectAPI" name="createProject" time="2.446"/>
  <system-out/>
</testsuite> <!-- APIRequestValidations.CreateProjectAPI -->
