<?xml version="1.0" encoding="UTF-8"?>
<!-- Generated by org.testng.reporters.JUnitReportReporter -->
<testsuite hostname="DESKTOP-OGE7II3" failures="0" tests="1" name="endToEndRMGYantra.RMGYantraFullTest" time="35.376" errors="0" timestamp="2024-05-08T17:41:53 IST" skipped="0">
  <testcase classname="endToEndRMGYantra.RMGYantraFullTest" name="fullSDETRMGYantra" time="35.376"/>
  <system-out/>
</testsuite> <!-- endToEndRMGYantra.RMGYantraFullTest -->
