<?xml version="1.0" encoding="UTF-8"?>
<!-- Generated by org.testng.reporters.JUnitReportReporter -->
<testsuite hostname="DESKTOP-OGE7II3" failures="0" tests="1" name="endToEndRMGYantra.ThreeLayerTest" time="8.937" errors="0" timestamp="2024-05-08T16:07:52 IST" skipped="0">
  <testcase classname="endToEndRMGYantra.ThreeLayerTest" name="threeLayers" time="8.937"/>
  <system-out/>
</testsuite> <!-- endToEndRMGYantra.ThreeLayerTest -->
